<?xml version="1.0" encoding="UTF-8"?>
<testsuite xmlns:xsi="http://www.w3.org/2001/XMLSchema-instance" xsi:noNamespaceSchemaLocation="https://maven.apache.org/surefire/maven-surefire-plugin/xsd/surefire-test-report.xsd" version="3.0.2" name="com.eleuterio.abarrotes.controller.ProductoControllerTest" time="0.643" tests="2" errors="0" skipped="0" failures="0">
  <properties>
[...]
</properties>
  <testcase name="listarDebeRetornarPagina" classname="com.eleuterio.abarrotes.controller.ProductoControllerTest" time="0.041">
    <system-out><![CDATA[2026-07-12T20:01:27.312-05:00  INFO 15492 --- [abarrotes-api] [           main] t.c.s.AnnotationConfigContextLoaderUtils : Could not detect default configuration classes for test class [com.eleuterio.abarrotes.controller.ProductoControllerTest]: ProductoControllerTest does not declare any static, non-private, non-final, nested classes annotated with @Configuration.
2026-07-12T20:01:27.348-05:00  INFO 15492 --- [abarrotes-api] [           main] .b.t.c.SpringBootTestContextBootstrapper : Found @SpringBootConfiguration com.eleuterio.abarrotes.AbarrotesApplication for test class com.eleuterio.abarrotes.controller.ProductoControllerTest
2026-07-12T20:01:27.358-05:00  INFO 15492 --- [abarrotes-api] [           main] m.p.springdotenv.DotenvPropertySource    : Initialized Dotenv with DotenvConfig{directory=null, filename=null, ignoreIfMalformed=false, ignoreIfMissing=true, systemProperties=false, prefix=null}

  .   ____          _            __ _ _
 /\\ / ___'_ __ _ _(_)_ __  __ _ \ \ \ \
( ( )\___ | '_ | '_| | '_ \/ _` | \ \ \ \
 \\/  ___)| |_)| | | | | || (_| |  ) ) ) )
  '  |____| .__|_| |_|_| |_\__, | / / / /
 =========|_|==============|___/=/_/_/_/

 :: Spring Boot ::                (v3.4.4)

2026-07-12T20:01:27.404-05:00  INFO 15492 --- [abarrotes-api] [           main] c.e.a.controller.ProductoControllerTest  : Starting ProductoControllerTest using Java 21.0.2 with PID 15492 (started by carlo in D:\UTP\Ciclo 7\Desarrollo Web Integrado\proy_VF\proy_eleuterio_av03\backend)
2026-07-12T20:01:27.404-05:00  INFO 15492 --- [abarrotes-api] [           main] c.e.a.controller.ProductoControllerTest  : The following 1 profile is active: "test"
2026-07-12T20:01:27.861-05:00  WARN 15492 --- [abarrotes-api] [           main] r$InitializeUserDetailsManagerConfigurer : Found 2 UserDetailsService beans, with names [inMemoryUserDetailsManager, com.eleuterio.abarrotes.security.CustomUserDetailsService#0]. Global Authentication Manager will not use a UserDetailsService for username/password login. Consider publishing a single UserDetailsService bean.
2026-07-12T20:01:27.883-05:00  WARN 15492 --- [abarrotes-api] [           main] .s.s.UserDetailsServiceAutoConfiguration : 

Using generated security password: 7a6c8c25-5605-482f-bc77-e043e60af5f3

This generated password is for development use only. Your security configuration must be updated before running your application in production.

2026-07-12T20:01:27.887-05:00  INFO 15492 --- [abarrotes-api] [           main] o.s.b.t.m.w.SpringBootMockServletContext : Initializing Spring TestDispatcherServlet ''
2026-07-12T20:01:27.887-05:00  INFO 15492 --- [abarrotes-api] [           main] o.s.t.web.servlet.TestDispatcherServlet  : Initializing Servlet ''
2026-07-12T20:01:27.887-05:00  INFO 15492 --- [abarrotes-api] [           main] o.s.t.web.servlet.TestDispatcherServlet  : Completed initialization in 0 ms
2026-07-12T20:01:27.893-05:00  INFO 15492 --- [abarrotes-api] [           main] c.e.a.controller.ProductoControllerTest  : Started ProductoControllerTest in 0.538 seconds (process running for 14.379)
]]></system-out>
  </testcase>
  <testcase name="statsDebeRetornarResumen" classname="com.eleuterio.abarrotes.controller.ProductoControllerTest" time="0.009"/>
</testsuite>